  main.cpp
C:\Users\ohseu\Desktop\Study\Algorithm\Practice9\Practice9\main.cpp(1,1): warning C4828: 파일에 0x69 오프셋에서 시작하는 문자가 포함되어 있습니다. 이 문자는 현재 원본 문자 집합에서 잘못된 문자입니다(코드 페이지 65001).
C:\Users\ohseu\Desktop\Study\Algorithm\Practice9\Practice9\main.cpp(1,1): warning C4828: 파일에 0x6a 오프셋에서 시작하는 문자가 포함되어 있습니다. 이 문자는 현재 원본 문자 집합에서 잘못된 문자입니다(코드 페이지 65001).
C:\Users\ohseu\Desktop\Study\Algorithm\Practice9\Practice9\main.cpp(1,1): warning C4828: 파일에 0x70 오프셋에서 시작하는 문자가 포함되어 있습니다. 이 문자는 현재 원본 문자 집합에서 잘못된 문자입니다(코드 페이지 65001).
C:\Users\ohseu\Desktop\Study\Algorithm\Practice9\Practice9\main.cpp(1,1): warning C4828: 파일에 0x71 오프셋에서 시작하는 문자가 포함되어 있습니다. 이 문자는 현재 원본 문자 집합에서 잘못된 문자입니다(코드 페이지 65001).
C:\Users\ohseu\Desktop\Study\Algorithm\Practice9\Practice9\main.cpp(1,1): warning C4828: 파일에 0x73 오프셋에서 시작하는 문자가 포함되어 있습니다. 이 문자는 현재 원본 문자 집합에서 잘못된 문자입니다(코드 페이지 65001).
C:\Users\ohseu\Desktop\Study\Algorithm\Practice9\Practice9\main.cpp(1,1): warning C4828: 파일에 0x74 오프셋에서 시작하는 문자가 포함되어 있습니다. 이 문자는 현재 원본 문자 집합에서 잘못된 문자입니다(코드 페이지 65001).
C:\Users\ohseu\Desktop\Study\Algorithm\Practice9\Practice9\main.cpp(1,1): warning C4828: 파일에 0x75 오프셋에서 시작하는 문자가 포함되어 있습니다. 이 문자는 현재 원본 문자 집합에서 잘못된 문자입니다(코드 페이지 65001).
C:\Users\ohseu\Desktop\Study\Algorithm\Practice9\Practice9\main.cpp(1,1): warning C4828: 파일에 0x76 오프셋에서 시작하는 문자가 포함되어 있습니다. 이 문자는 현재 원본 문자 집합에서 잘못된 문자입니다(코드 페이지 65001).
C:\Users\ohseu\Desktop\Study\Algorithm\Practice9\Practice9\main.cpp(1,1): warning C4828: 파일에 0x77 오프셋에서 시작하는 문자가 포함되어 있습니다. 이 문자는 현재 원본 문자 집합에서 잘못된 문자입니다(코드 페이지 65001).
C:\Users\ohseu\Desktop\Study\Algorithm\Practice9\Practice9\main.cpp(1,1): warning C4828: 파일에 0x78 오프셋에서 시작하는 문자가 포함되어 있습니다. 이 문자는 현재 원본 문자 집합에서 잘못된 문자입니다(코드 페이지 65001).
C:\Users\ohseu\Desktop\Study\Algorithm\Practice9\Practice9\main.cpp(1,1): warning C4828: 파일에 0x7e 오프셋에서 시작하는 문자가 포함되어 있습니다. 이 문자는 현재 원본 문자 집합에서 잘못된 문자입니다(코드 페이지 65001).
C:\Users\ohseu\Desktop\Study\Algorithm\Practice9\Practice9\main.cpp(1,1): warning C4828: 파일에 0x7f 오프셋에서 시작하는 문자가 포함되어 있습니다. 이 문자는 현재 원본 문자 집합에서 잘못된 문자입니다(코드 페이지 65001).
C:\Users\ohseu\Desktop\Study\Algorithm\Practice9\Practice9\main.cpp(1,1): warning C4828: 파일에 0x80 오프셋에서 시작하는 문자가 포함되어 있습니다. 이 문자는 현재 원본 문자 집합에서 잘못된 문자입니다(코드 페이지 65001).
C:\Users\ohseu\Desktop\Study\Algorithm\Practice9\Practice9\main.cpp(1,1): warning C4828: 파일에 0x81 오프셋에서 시작하는 문자가 포함되어 있습니다. 이 문자는 현재 원본 문자 집합에서 잘못된 문자입니다(코드 페이지 65001).
C:\Users\ohseu\Desktop\Study\Algorithm\Practice9\Practice9\main.cpp(1,1): warning C4828: 파일에 0x82 오프셋에서 시작하는 문자가 포함되어 있습니다. 이 문자는 현재 원본 문자 집합에서 잘못된 문자입니다(코드 페이지 65001).
C:\Users\ohseu\Desktop\Study\Algorithm\Practice9\Practice9\main.cpp(1,1): warning C4828: 파일에 0x83 오프셋에서 시작하는 문자가 포함되어 있습니다. 이 문자는 현재 원본 문자 집합에서 잘못된 문자입니다(코드 페이지 65001).
C:\Users\ohseu\Desktop\Study\Algorithm\Practice9\Practice9\main.cpp(1,1): warning C4828: 파일에 0x85 오프셋에서 시작하는 문자가 포함되어 있습니다. 이 문자는 현재 원본 문자 집합에서 잘못된 문자입니다(코드 페이지 65001).
C:\Users\ohseu\Desktop\Study\Algorithm\Practice9\Practice9\main.cpp(1,1): warning C4828: 파일에 0x86 오프셋에서 시작하는 문자가 포함되어 있습니다. 이 문자는 현재 원본 문자 집합에서 잘못된 문자입니다(코드 페이지 65001).
C:\Users\ohseu\Desktop\Study\Algorithm\Practice9\Practice9\main.cpp(1,1): warning C4828: 파일에 0x87 오프셋에서 시작하는 문자가 포함되어 있습니다. 이 문자는 현재 원본 문자 집합에서 잘못된 문자입니다(코드 페이지 65001).
C:\Users\ohseu\Desktop\Study\Algorithm\Practice9\Practice9\main.cpp(1,1): warning C4828: 파일에 0x88 오프셋에서 시작하는 문자가 포함되어 있습니다. 이 문자는 현재 원본 문자 집합에서 잘못된 문자입니다(코드 페이지 65001).
C:\Users\ohseu\Desktop\Study\Algorithm\Practice9\Practice9\main.cpp(1,1): warning C4828: 파일에 0xe4 오프셋에서 시작하는 문자가 포함되어 있습니다. 이 문자는 현재 원본 문자 집합에서 잘못된 문자입니다(코드 페이지 65001).
C:\Users\ohseu\Desktop\Study\Algorithm\Practice9\Practice9\main.cpp(1,1): warning C4828: 파일에 0xe7 오프셋에서 시작하는 문자가 포함되어 있습니다. 이 문자는 현재 원본 문자 집합에서 잘못된 문자입니다(코드 페이지 65001).
C:\Users\ohseu\Desktop\Study\Algorithm\Practice9\Practice9\main.cpp(1,1): warning C4828: 파일에 0xeb 오프셋에서 시작하는 문자가 포함되어 있습니다. 이 문자는 현재 원본 문자 집합에서 잘못된 문자입니다(코드 페이지 65001).
C:\Users\ohseu\Desktop\Study\Algorithm\Practice9\Practice9\main.cpp(1,1): warning C4828: 파일에 0xec 오프셋에서 시작하는 문자가 포함되어 있습니다. 이 문자는 현재 원본 문자 집합에서 잘못된 문자입니다(코드 페이지 65001).
C:\Users\ohseu\Desktop\Study\Algorithm\Practice9\Practice9\main.cpp(1,1): warning C4828: 파일에 0x18f 오프셋에서 시작하는 문자가 포함되어 있습니다. 이 문자는 현재 원본 문자 집합에서 잘못된 문자입니다(코드 페이지 65001).
C:\Users\ohseu\Desktop\Study\Algorithm\Practice9\Practice9\main.cpp(1,1): warning C4828: 파일에 0x194 오프셋에서 시작하는 문자가 포함되어 있습니다. 이 문자는 현재 원본 문자 집합에서 잘못된 문자입니다(코드 페이지 65001).
C:\Users\ohseu\Desktop\Study\Algorithm\Practice9\Practice9\main.cpp(1,1): warning C4828: 파일에 0x197 오프셋에서 시작하는 문자가 포함되어 있습니다. 이 문자는 현재 원본 문자 집합에서 잘못된 문자입니다(코드 페이지 65001).
C:\Users\ohseu\Desktop\Study\Algorithm\Practice9\Practice9\main.cpp(1,1): warning C4828: 파일에 0x198 오프셋에서 시작하는 문자가 포함되어 있습니다. 이 문자는 현재 원본 문자 집합에서 잘못된 문자입니다(코드 페이지 65001).
C:\Users\ohseu\Desktop\Study\Algorithm\Practice9\Practice9\main.cpp(1,1): warning C4828: 파일에 0x199 오프셋에서 시작하는 문자가 포함되어 있습니다. 이 문자는 현재 원본 문자 집합에서 잘못된 문자입니다(코드 페이지 65001).
C:\Users\ohseu\Desktop\Study\Algorithm\Practice9\Practice9\main.cpp(1,1): warning C4828: 파일에 0x19a 오프셋에서 시작하는 문자가 포함되어 있습니다. 이 문자는 현재 원본 문자 집합에서 잘못된 문자입니다(코드 페이지 65001).
C:\Users\ohseu\Desktop\Study\Algorithm\Practice9\Practice9\main.cpp(1,1): warning C4828: 파일에 0x19b 오프셋에서 시작하는 문자가 포함되어 있습니다. 이 문자는 현재 원본 문자 집합에서 잘못된 문자입니다(코드 페이지 65001).
C:\Users\ohseu\Desktop\Study\Algorithm\Practice9\Practice9\main.cpp(1,1): warning C4828: 파일에 0x1a0 오프셋에서 시작하는 문자가 포함되어 있습니다. 이 문자는 현재 원본 문자 집합에서 잘못된 문자입니다(코드 페이지 65001).
C:\Users\ohseu\Desktop\Study\Algorithm\Practice9\Practice9\main.cpp(1,1): warning C4828: 파일에 0x1a1 오프셋에서 시작하는 문자가 포함되어 있습니다. 이 문자는 현재 원본 문자 집합에서 잘못된 문자입니다(코드 페이지 65001).
C:\Users\ohseu\Desktop\Study\Algorithm\Practice9\Practice9\main.cpp(1,1): warning C4828: 파일에 0x1a2 오프셋에서 시작하는 문자가 포함되어 있습니다. 이 문자는 현재 원본 문자 집합에서 잘못된 문자입니다(코드 페이지 65001).
C:\Users\ohseu\Desktop\Study\Algorithm\Practice9\Practice9\main.cpp(1,1): warning C4828: 파일에 0x1a3 오프셋에서 시작하는 문자가 포함되어 있습니다. 이 문자는 현재 원본 문자 집합에서 잘못된 문자입니다(코드 페이지 65001).
C:\Users\ohseu\Desktop\Study\Algorithm\Practice9\Practice9\main.cpp(1,1): warning C4828: 파일에 0x1a4 오프셋에서 시작하는 문자가 포함되어 있습니다. 이 문자는 현재 원본 문자 집합에서 잘못된 문자입니다(코드 페이지 65001).
C:\Users\ohseu\Desktop\Study\Algorithm\Practice9\Practice9\main.cpp(1,1): warning C4828: 파일에 0x1a5 오프셋에서 시작하는 문자가 포함되어 있습니다. 이 문자는 현재 원본 문자 집합에서 잘못된 문자입니다(코드 페이지 65001).
C:\Users\ohseu\Desktop\Study\Algorithm\Practice9\Practice9\main.cpp(1,1): warning C4828: 파일에 0x1a6 오프셋에서 시작하는 문자가 포함되어 있습니다. 이 문자는 현재 원본 문자 집합에서 잘못된 문자입니다(코드 페이지 65001).
C:\Users\ohseu\Desktop\Study\Algorithm\Practice9\Practice9\main.cpp(1,1): warning C4828: 파일에 0x1ad 오프셋에서 시작하는 문자가 포함되어 있습니다. 이 문자는 현재 원본 문자 집합에서 잘못된 문자입니다(코드 페이지 65001).
C:\Users\ohseu\Desktop\Study\Algorithm\Practice9\Practice9\main.cpp(1,1): warning C4828: 파일에 0x1ae 오프셋에서 시작하는 문자가 포함되어 있습니다. 이 문자는 현재 원본 문자 집합에서 잘못된 문자입니다(코드 페이지 65001).
C:\Users\ohseu\Desktop\Study\Algorithm\Practice9\Practice9\main.cpp(1,1): warning C4828: 파일에 0x1af 오프셋에서 시작하는 문자가 포함되어 있습니다. 이 문자는 현재 원본 문자 집합에서 잘못된 문자입니다(코드 페이지 65001).
C:\Users\ohseu\Desktop\Study\Algorithm\Practice9\Practice9\main.cpp(1,1): warning C4828: 파일에 0x1b0 오프셋에서 시작하는 문자가 포함되어 있습니다. 이 문자는 현재 원본 문자 집합에서 잘못된 문자입니다(코드 페이지 65001).
C:\Users\ohseu\Desktop\Study\Algorithm\Practice9\Practice9\main.cpp(1,1): warning C4828: 파일에 0x241 오프셋에서 시작하는 문자가 포함되어 있습니다. 이 문자는 현재 원본 문자 집합에서 잘못된 문자입니다(코드 페이지 65001).
C:\Users\ohseu\Desktop\Study\Algorithm\Practice9\Practice9\main.cpp(1,1): warning C4828: 파일에 0x242 오프셋에서 시작하는 문자가 포함되어 있습니다. 이 문자는 현재 원본 문자 집합에서 잘못된 문자입니다(코드 페이지 65001).
C:\Users\ohseu\Desktop\Study\Algorithm\Practice9\Practice9\main.cpp(1,1): warning C4828: 파일에 0x244 오프셋에서 시작하는 문자가 포함되어 있습니다. 이 문자는 현재 원본 문자 집합에서 잘못된 문자입니다(코드 페이지 65001).
C:\Users\ohseu\Desktop\Study\Algorithm\Practice9\Practice9\main.cpp(1,1): warning C4828: 파일에 0x245 오프셋에서 시작하는 문자가 포함되어 있습니다. 이 문자는 현재 원본 문자 집합에서 잘못된 문자입니다(코드 페이지 65001).
C:\Users\ohseu\Desktop\Study\Algorithm\Practice9\Practice9\main.cpp(1,1): warning C4828: 파일에 0x246 오프셋에서 시작하는 문자가 포함되어 있습니다. 이 문자는 현재 원본 문자 집합에서 잘못된 문자입니다(코드 페이지 65001).
C:\Users\ohseu\Desktop\Study\Algorithm\Practice9\Practice9\main.cpp(1,1): warning C4828: 파일에 0x247 오프셋에서 시작하는 문자가 포함되어 있습니다. 이 문자는 현재 원본 문자 집합에서 잘못된 문자입니다(코드 페이지 65001).
C:\Users\ohseu\Desktop\Study\Algorithm\Practice9\Practice9\main.cpp(1,1): warning C4828: 파일에 0x249 오프셋에서 시작하는 문자가 포함되어 있습니다. 이 문자는 현재 원본 문자 집합에서 잘못된 문자입니다(코드 페이지 65001).
C:\Users\ohseu\Desktop\Study\Algorithm\Practice9\Practice9\main.cpp(1,1): warning C4828: 파일에 0x24a 오프셋에서 시작하는 문자가 포함되어 있습니다. 이 문자는 현재 원본 문자 집합에서 잘못된 문자입니다(코드 페이지 65001).
C:\Users\ohseu\Desktop\Study\Algorithm\Practice9\Practice9\main.cpp(1,1): warning C4828: 파일에 0x24b 오프셋에서 시작하는 문자가 포함되어 있습니다. 이 문자는 현재 원본 문자 집합에서 잘못된 문자입니다(코드 페이지 65001).
C:\Users\ohseu\Desktop\Study\Algorithm\Practice9\Practice9\main.cpp(1,1): warning C4828: 파일에 0x24c 오프셋에서 시작하는 문자가 포함되어 있습니다. 이 문자는 현재 원본 문자 집합에서 잘못된 문자입니다(코드 페이지 65001).
C:\Users\ohseu\Desktop\Study\Algorithm\Practice9\Practice9\main.cpp(1,1): warning C4828: 파일에 0x24f 오프셋에서 시작하는 문자가 포함되어 있습니다. 이 문자는 현재 원본 문자 집합에서 잘못된 문자입니다(코드 페이지 65001).
C:\Users\ohseu\Desktop\Study\Algorithm\Practice9\Practice9\main.cpp(1,1): warning C4828: 파일에 0x251 오프셋에서 시작하는 문자가 포함되어 있습니다. 이 문자는 현재 원본 문자 집합에서 잘못된 문자입니다(코드 페이지 65001).
C:\Users\ohseu\Desktop\Study\Algorithm\Practice9\Practice9\main.cpp(1,1): warning C4828: 파일에 0x252 오프셋에서 시작하는 문자가 포함되어 있습니다. 이 문자는 현재 원본 문자 집합에서 잘못된 문자입니다(코드 페이지 65001).
C:\Users\ohseu\Desktop\Study\Algorithm\Practice9\Practice9\main.cpp(1,1): warning C4828: 파일에 0x253 오프셋에서 시작하는 문자가 포함되어 있습니다. 이 문자는 현재 원본 문자 집합에서 잘못된 문자입니다(코드 페이지 65001).
C:\Users\ohseu\Desktop\Study\Algorithm\Practice9\Practice9\main.cpp(1,1): warning C4828: 파일에 0x254 오프셋에서 시작하는 문자가 포함되어 있습니다. 이 문자는 현재 원본 문자 집합에서 잘못된 문자입니다(코드 페이지 65001).
C:\Users\ohseu\Desktop\Study\Algorithm\Practice9\Practice9\main.cpp(1,1): warning C4828: 파일에 0x256 오프셋에서 시작하는 문자가 포함되어 있습니다. 이 문자는 현재 원본 문자 집합에서 잘못된 문자입니다(코드 페이지 65001).
C:\Users\ohseu\Desktop\Study\Algorithm\Practice9\Practice9\main.cpp(1,1): warning C4828: 파일에 0x25b 오프셋에서 시작하는 문자가 포함되어 있습니다. 이 문자는 현재 원본 문자 집합에서 잘못된 문자입니다(코드 페이지 65001).
C:\Users\ohseu\Desktop\Study\Algorithm\Practice9\Practice9\main.cpp(1,1): warning C4828: 파일에 0x25d 오프셋에서 시작하는 문자가 포함되어 있습니다. 이 문자는 현재 원본 문자 집합에서 잘못된 문자입니다(코드 페이지 65001).
C:\Users\ohseu\Desktop\Study\Algorithm\Practice9\Practice9\main.cpp(1,1): warning C4828: 파일에 0x25e 오프셋에서 시작하는 문자가 포함되어 있습니다. 이 문자는 현재 원본 문자 집합에서 잘못된 문자입니다(코드 페이지 65001).
C:\Users\ohseu\Desktop\Study\Algorithm\Practice9\Practice9\main.cpp(1,1): warning C4828: 파일에 0x25f 오프셋에서 시작하는 문자가 포함되어 있습니다. 이 문자는 현재 원본 문자 집합에서 잘못된 문자입니다(코드 페이지 65001).
C:\Users\ohseu\Desktop\Study\Algorithm\Practice9\Practice9\main.cpp(1,1): warning C4828: 파일에 0x260 오프셋에서 시작하는 문자가 포함되어 있습니다. 이 문자는 현재 원본 문자 집합에서 잘못된 문자입니다(코드 페이지 65001).
C:\Users\ohseu\Desktop\Study\Algorithm\Practice9\Practice9\main.cpp(1,1): warning C4828: 파일에 0x261 오프셋에서 시작하는 문자가 포함되어 있습니다. 이 문자는 현재 원본 문자 집합에서 잘못된 문자입니다(코드 페이지 65001).
C:\Users\ohseu\Desktop\Study\Algorithm\Practice9\Practice9\main.cpp(1,1): warning C4828: 파일에 0x262 오프셋에서 시작하는 문자가 포함되어 있습니다. 이 문자는 현재 원본 문자 집합에서 잘못된 문자입니다(코드 페이지 65001).
C:\Users\ohseu\Desktop\Study\Algorithm\Practice9\Practice9\main.cpp(1,1): warning C4828: 파일에 0x264 오프셋에서 시작하는 문자가 포함되어 있습니다. 이 문자는 현재 원본 문자 집합에서 잘못된 문자입니다(코드 페이지 65001).
C:\Users\ohseu\Desktop\Study\Algorithm\Practice9\Practice9\main.cpp(1,1): warning C4828: 파일에 0x267 오프셋에서 시작하는 문자가 포함되어 있습니다. 이 문자는 현재 원본 문자 집합에서 잘못된 문자입니다(코드 페이지 65001).
C:\Users\ohseu\Desktop\Study\Algorithm\Practice9\Practice9\main.cpp(1,1): warning C4828: 파일에 0x26f 오프셋에서 시작하는 문자가 포함되어 있습니다. 이 문자는 현재 원본 문자 집합에서 잘못된 문자입니다(코드 페이지 65001).
C:\Users\ohseu\Desktop\Study\Algorithm\Practice9\Practice9\main.cpp(1,1): warning C4828: 파일에 0x270 오프셋에서 시작하는 문자가 포함되어 있습니다. 이 문자는 현재 원본 문자 집합에서 잘못된 문자입니다(코드 페이지 65001).
C:\Users\ohseu\Desktop\Study\Algorithm\Practice9\Practice9\main.cpp(1,1): warning C4828: 파일에 0x272 오프셋에서 시작하는 문자가 포함되어 있습니다. 이 문자는 현재 원본 문자 집합에서 잘못된 문자입니다(코드 페이지 65001).
C:\Users\ohseu\Desktop\Study\Algorithm\Practice9\Practice9\main.cpp(1,1): warning C4828: 파일에 0x273 오프셋에서 시작하는 문자가 포함되어 있습니다. 이 문자는 현재 원본 문자 집합에서 잘못된 문자입니다(코드 페이지 65001).
C:\Users\ohseu\Desktop\Study\Algorithm\Practice9\Practice9\main.cpp(1,1): warning C4828: 파일에 0x275 오프셋에서 시작하는 문자가 포함되어 있습니다. 이 문자는 현재 원본 문자 집합에서 잘못된 문자입니다(코드 페이지 65001).
C:\Users\ohseu\Desktop\Study\Algorithm\Practice9\Practice9\main.cpp(1,1): warning C4828: 파일에 0x277 오프셋에서 시작하는 문자가 포함되어 있습니다. 이 문자는 현재 원본 문자 집합에서 잘못된 문자입니다(코드 페이지 65001).
C:\Users\ohseu\Desktop\Study\Algorithm\Practice9\Practice9\main.cpp(1,1): warning C4828: 파일에 0x279 오프셋에서 시작하는 문자가 포함되어 있습니다. 이 문자는 현재 원본 문자 집합에서 잘못된 문자입니다(코드 페이지 65001).
C:\Users\ohseu\Desktop\Study\Algorithm\Practice9\Practice9\main.cpp(1,1): warning C4828: 파일에 0x27a 오프셋에서 시작하는 문자가 포함되어 있습니다. 이 문자는 현재 원본 문자 집합에서 잘못된 문자입니다(코드 페이지 65001).
C:\Users\ohseu\Desktop\Study\Algorithm\Practice9\Practice9\main.cpp(1,1): warning C4828: 파일에 0x27b 오프셋에서 시작하는 문자가 포함되어 있습니다. 이 문자는 현재 원본 문자 집합에서 잘못된 문자입니다(코드 페이지 65001).
C:\Users\ohseu\Desktop\Study\Algorithm\Practice9\Practice9\main.cpp(1,1): warning C4828: 파일에 0x27c 오프셋에서 시작하는 문자가 포함되어 있습니다. 이 문자는 현재 원본 문자 집합에서 잘못된 문자입니다(코드 페이지 65001).
C:\Users\ohseu\Desktop\Study\Algorithm\Practice9\Practice9\main.cpp(1,1): warning C4828: 파일에 0x27d 오프셋에서 시작하는 문자가 포함되어 있습니다. 이 문자는 현재 원본 문자 집합에서 잘못된 문자입니다(코드 페이지 65001).
C:\Users\ohseu\Desktop\Study\Algorithm\Practice9\Practice9\main.cpp(1,1): warning C4828: 파일에 0x27e 오프셋에서 시작하는 문자가 포함되어 있습니다. 이 문자는 현재 원본 문자 집합에서 잘못된 문자입니다(코드 페이지 65001).
C:\Users\ohseu\Desktop\Study\Algorithm\Practice9\Practice9\main.cpp(1,1): warning C4828: 파일에 0x280 오프셋에서 시작하는 문자가 포함되어 있습니다. 이 문자는 현재 원본 문자 집합에서 잘못된 문자입니다(코드 페이지 65001).
C:\Users\ohseu\Desktop\Study\Algorithm\Practice9\Practice9\main.cpp(1,1): warning C4828: 파일에 0x283 오프셋에서 시작하는 문자가 포함되어 있습니다. 이 문자는 현재 원본 문자 집합에서 잘못된 문자입니다(코드 페이지 65001).
C:\Users\ohseu\Desktop\Study\Algorithm\Practice9\Practice9\main.cpp(1,1): warning C4828: 파일에 0x285 오프셋에서 시작하는 문자가 포함되어 있습니다. 이 문자는 현재 원본 문자 집합에서 잘못된 문자입니다(코드 페이지 65001).
C:\Users\ohseu\Desktop\Study\Algorithm\Practice9\Practice9\main.cpp(1,1): warning C4828: 파일에 0x286 오프셋에서 시작하는 문자가 포함되어 있습니다. 이 문자는 현재 원본 문자 집합에서 잘못된 문자입니다(코드 페이지 65001).
C:\Users\ohseu\Desktop\Study\Algorithm\Practice9\Practice9\main.cpp(1,1): warning C4828: 파일에 0x287 오프셋에서 시작하는 문자가 포함되어 있습니다. 이 문자는 현재 원본 문자 집합에서 잘못된 문자입니다(코드 페이지 65001).
C:\Users\ohseu\Desktop\Study\Algorithm\Practice9\Practice9\main.cpp(1,1): warning C4828: 파일에 0x288 오프셋에서 시작하는 문자가 포함되어 있습니다. 이 문자는 현재 원본 문자 집합에서 잘못된 문자입니다(코드 페이지 65001).
C:\Users\ohseu\Desktop\Study\Algorithm\Practice9\Practice9\main.cpp(1,1): warning C4828: 파일에 0x28c 오프셋에서 시작하는 문자가 포함되어 있습니다. 이 문자는 현재 원본 문자 집합에서 잘못된 문자입니다(코드 페이지 65001).
C:\Users\ohseu\Desktop\Study\Algorithm\Practice9\Practice9\main.cpp(1,1): warning C4828: 파일에 0x28f 오프셋에서 시작하는 문자가 포함되어 있습니다. 이 문자는 현재 원본 문자 집합에서 잘못된 문자입니다(코드 페이지 65001).
C:\Users\ohseu\Desktop\Study\Algorithm\Practice9\Practice9\main.cpp(1,1): warning C4828: 파일에 0x2b6 오프셋에서 시작하는 문자가 포함되어 있습니다. 이 문자는 현재 원본 문자 집합에서 잘못된 문자입니다(코드 페이지 65001).
C:\Users\ohseu\Desktop\Study\Algorithm\Practice9\Practice9\main.cpp(1,1): warning C4828: 파일에 0x2b9 오프셋에서 시작하는 문자가 포함되어 있습니다. 이 문자는 현재 원본 문자 집합에서 잘못된 문자입니다(코드 페이지 65001).
C:\Users\ohseu\Desktop\Study\Algorithm\Practice9\Practice9\main.cpp(1,1): warning C4828: 파일에 0x2bb 오프셋에서 시작하는 문자가 포함되어 있습니다. 이 문자는 현재 원본 문자 집합에서 잘못된 문자입니다(코드 페이지 65001).
C:\Users\ohseu\Desktop\Study\Algorithm\Practice9\Practice9\main.cpp(1,1): warning C4828: 파일에 0x2be 오프셋에서 시작하는 문자가 포함되어 있습니다. 이 문자는 현재 원본 문자 집합에서 잘못된 문자입니다(코드 페이지 65001).
C:\Users\ohseu\Desktop\Study\Algorithm\Practice9\Practice9\main.cpp(1,1): warning C4828: 파일에 0x2c0 오프셋에서 시작하는 문자가 포함되어 있습니다. 이 문자는 현재 원본 문자 집합에서 잘못된 문자입니다(코드 페이지 65001).
C:\Users\ohseu\Desktop\Study\Algorithm\Practice9\Practice9\main.cpp(1,1): warning C4828: 파일에 0x2c1 오프셋에서 시작하는 문자가 포함되어 있습니다. 이 문자는 현재 원본 문자 집합에서 잘못된 문자입니다(코드 페이지 65001).
C:\Users\ohseu\Desktop\Study\Algorithm\Practice9\Practice9\main.cpp(1,1): warning C4828: 파일에 0x2c6 오프셋에서 시작하는 문자가 포함되어 있습니다. 이 문자는 현재 원본 문자 집합에서 잘못된 문자입니다(코드 페이지 65001).
C:\Users\ohseu\Desktop\Study\Algorithm\Practice9\Practice9\main.cpp(1,1): warning C4828: 파일에 0x2c7 오프셋에서 시작하는 문자가 포함되어 있습니다. 이 문자는 현재 원본 문자 집합에서 잘못된 문자입니다(코드 페이지 65001).
C:\Users\ohseu\Desktop\Study\Algorithm\Practice9\Practice9\main.cpp(1,1): warning C4828: 파일에 0x2cb 오프셋에서 시작하는 문자가 포함되어 있습니다. 이 문자는 현재 원본 문자 집합에서 잘못된 문자입니다(코드 페이지 65001).
C:\Users\ohseu\Desktop\Study\Algorithm\Practice9\Practice9\main.cpp(1,1): warning C4828: 파일에 0x2cc 오프셋에서 시작하는 문자가 포함되어 있습니다. 이 문자는 현재 원본 문자 집합에서 잘못된 문자입니다(코드 페이지 65001).
C:\Users\ohseu\Desktop\Study\Algorithm\Practice9\Practice9\main.cpp(1,1): warning C4828: 파일에 0x313 오프셋에서 시작하는 문자가 포함되어 있습니다. 이 문자는 현재 원본 문자 집합에서 잘못된 문자입니다(코드 페이지 65001).
C:\Users\ohseu\Desktop\Study\Algorithm\Practice9\Practice9\main.cpp(1,1): warning C4828: 파일에 0x314 오프셋에서 시작하는 문자가 포함되어 있습니다. 이 문자는 현재 원본 문자 집합에서 잘못된 문자입니다(코드 페이지 65001).
C:\Users\ohseu\Desktop\Study\Algorithm\Practice9\Practice9\main.cpp(1,1): warning C4828: 파일에 0x317 오프셋에서 시작하는 문자가 포함되어 있습니다. 이 문자는 현재 원본 문자 집합에서 잘못된 문자입니다(코드 페이지 65001).
C:\Users\ohseu\Desktop\Study\Algorithm\Practice9\Practice9\main.cpp(1,1): warning C4828: 파일에 0x318 오프셋에서 시작하는 문자가 포함되어 있습니다. 이 문자는 현재 원본 문자 집합에서 잘못된 문자입니다(코드 페이지 65001).
C:\Users\ohseu\Desktop\Study\Algorithm\Practice9\Practice9\main.cpp(1,1): warning C4828: 파일에 0x319 오프셋에서 시작하는 문자가 포함되어 있습니다. 이 문자는 현재 원본 문자 집합에서 잘못된 문자입니다(코드 페이지 65001).
C:\Users\ohseu\Desktop\Study\Algorithm\Practice9\Practice9\main.cpp(1,1): warning C4828: 파일에 0x31a 오프셋에서 시작하는 문자가 포함되어 있습니다. 이 문자는 현재 원본 문자 집합에서 잘못된 문자입니다(코드 페이지 65001).
C:\Users\ohseu\Desktop\Study\Algorithm\Practice9\Practice9\main.cpp(1,1): warning C4828: 파일에 0x31c 오프셋에서 시작하는 문자가 포함되어 있습니다. 이 문자는 현재 원본 문자 집합에서 잘못된 문자입니다(코드 페이지 65001).
C:\Users\ohseu\Desktop\Study\Algorithm\Practice9\Practice9\main.cpp(1,1): warning C4828: 파일에 0x31f 오프셋에서 시작하는 문자가 포함되어 있습니다. 이 문자는 현재 원본 문자 집합에서 잘못된 문자입니다(코드 페이지 65001).
C:\Users\ohseu\Desktop\Study\Algorithm\Practice9\Practice9\main.cpp(1,1): warning C4828: 파일에 0x321 오프셋에서 시작하는 문자가 포함되어 있습니다. 이 문자는 현재 원본 문자 집합에서 잘못된 문자입니다(코드 페이지 65001).
C:\Users\ohseu\Desktop\Study\Algorithm\Practice9\Practice9\main.cpp(1,1): warning C4828: 파일에 0x323 오프셋에서 시작하는 문자가 포함되어 있습니다. 이 문자는 현재 원본 문자 집합에서 잘못된 문자입니다(코드 페이지 65001).
C:\Users\ohseu\Desktop\Study\Algorithm\Practice9\Practice9\main.cpp(1,1): warning C4828: 파일에 0x324 오프셋에서 시작하는 문자가 포함되어 있습니다. 이 문자는 현재 원본 문자 집합에서 잘못된 문자입니다(코드 페이지 65001).
C:\Users\ohseu\Desktop\Study\Algorithm\Practice9\Practice9\main.cpp(1,1): warning C4828: 파일에 0x328 오프셋에서 시작하는 문자가 포함되어 있습니다. 이 문자는 현재 원본 문자 집합에서 잘못된 문자입니다(코드 페이지 65001).
C:\Users\ohseu\Desktop\Study\Algorithm\Practice9\Practice9\main.cpp(1,1): warning C4828: 파일에 0x329 오프셋에서 시작하는 문자가 포함되어 있습니다. 이 문자는 현재 원본 문자 집합에서 잘못된 문자입니다(코드 페이지 65001).
C:\Users\ohseu\Desktop\Study\Algorithm\Practice9\Practice9\main.cpp(1,1): warning C4828: 파일에 0x32c 오프셋에서 시작하는 문자가 포함되어 있습니다. 이 문자는 현재 원본 문자 집합에서 잘못된 문자입니다(코드 페이지 65001).
  Practice9.vcxproj -> C:\Users\ohseu\Desktop\Study\Algorithm\Practice9\Debug\Practice9.exe
