  main.cpp
C:\Users\ohseu\Desktop\Study\Algorithm\Practice8\Practice8\main.cpp(1,1): warning C4828: 파일에 0x98 오프셋에서 시작하는 문자가 포함되어 있습니다. 이 문자는 현재 원본 문자 집합에서 잘못된 문자입니다(코드 페이지 65001).
C:\Users\ohseu\Desktop\Study\Algorithm\Practice8\Practice8\main.cpp(1,1): warning C4828: 파일에 0x9a 오프셋에서 시작하는 문자가 포함되어 있습니다. 이 문자는 현재 원본 문자 집합에서 잘못된 문자입니다(코드 페이지 65001).
C:\Users\ohseu\Desktop\Study\Algorithm\Practice8\Practice8\main.cpp(1,1): warning C4828: 파일에 0x9b 오프셋에서 시작하는 문자가 포함되어 있습니다. 이 문자는 현재 원본 문자 집합에서 잘못된 문자입니다(코드 페이지 65001).
C:\Users\ohseu\Desktop\Study\Algorithm\Practice8\Practice8\main.cpp(1,1): warning C4828: 파일에 0xa5 오프셋에서 시작하는 문자가 포함되어 있습니다. 이 문자는 현재 원본 문자 집합에서 잘못된 문자입니다(코드 페이지 65001).
C:\Users\ohseu\Desktop\Study\Algorithm\Practice8\Practice8\main.cpp(1,1): warning C4828: 파일에 0xa6 오프셋에서 시작하는 문자가 포함되어 있습니다. 이 문자는 현재 원본 문자 집합에서 잘못된 문자입니다(코드 페이지 65001).
C:\Users\ohseu\Desktop\Study\Algorithm\Practice8\Practice8\main.cpp(1,1): warning C4828: 파일에 0xad 오프셋에서 시작하는 문자가 포함되어 있습니다. 이 문자는 현재 원본 문자 집합에서 잘못된 문자입니다(코드 페이지 65001).
C:\Users\ohseu\Desktop\Study\Algorithm\Practice8\Practice8\main.cpp(1,1): warning C4828: 파일에 0xae 오프셋에서 시작하는 문자가 포함되어 있습니다. 이 문자는 현재 원본 문자 집합에서 잘못된 문자입니다(코드 페이지 65001).
C:\Users\ohseu\Desktop\Study\Algorithm\Practice8\Practice8\main.cpp(1,1): warning C4828: 파일에 0xb0 오프셋에서 시작하는 문자가 포함되어 있습니다. 이 문자는 현재 원본 문자 집합에서 잘못된 문자입니다(코드 페이지 65001).
C:\Users\ohseu\Desktop\Study\Algorithm\Practice8\Practice8\main.cpp(1,1): warning C4828: 파일에 0xb1 오프셋에서 시작하는 문자가 포함되어 있습니다. 이 문자는 현재 원본 문자 집합에서 잘못된 문자입니다(코드 페이지 65001).
C:\Users\ohseu\Desktop\Study\Algorithm\Practice8\Practice8\main.cpp(1,1): warning C4828: 파일에 0xb3 오프셋에서 시작하는 문자가 포함되어 있습니다. 이 문자는 현재 원본 문자 집합에서 잘못된 문자입니다(코드 페이지 65001).
C:\Users\ohseu\Desktop\Study\Algorithm\Practice8\Practice8\main.cpp(1,1): warning C4828: 파일에 0xb4 오프셋에서 시작하는 문자가 포함되어 있습니다. 이 문자는 현재 원본 문자 집합에서 잘못된 문자입니다(코드 페이지 65001).
C:\Users\ohseu\Desktop\Study\Algorithm\Practice8\Practice8\main.cpp(1,1): warning C4828: 파일에 0xb5 오프셋에서 시작하는 문자가 포함되어 있습니다. 이 문자는 현재 원본 문자 집합에서 잘못된 문자입니다(코드 페이지 65001).
C:\Users\ohseu\Desktop\Study\Algorithm\Practice8\Practice8\main.cpp(1,1): warning C4828: 파일에 0xb6 오프셋에서 시작하는 문자가 포함되어 있습니다. 이 문자는 현재 원본 문자 집합에서 잘못된 문자입니다(코드 페이지 65001).
C:\Users\ohseu\Desktop\Study\Algorithm\Practice8\Practice8\main.cpp(1,1): warning C4828: 파일에 0xba 오프셋에서 시작하는 문자가 포함되어 있습니다. 이 문자는 현재 원본 문자 집합에서 잘못된 문자입니다(코드 페이지 65001).
C:\Users\ohseu\Desktop\Study\Algorithm\Practice8\Practice8\main.cpp(1,1): warning C4828: 파일에 0xc7 오프셋에서 시작하는 문자가 포함되어 있습니다. 이 문자는 현재 원본 문자 집합에서 잘못된 문자입니다(코드 페이지 65001).
C:\Users\ohseu\Desktop\Study\Algorithm\Practice8\Practice8\main.cpp(1,1): warning C4828: 파일에 0xc8 오프셋에서 시작하는 문자가 포함되어 있습니다. 이 문자는 현재 원본 문자 집합에서 잘못된 문자입니다(코드 페이지 65001).
C:\Users\ohseu\Desktop\Study\Algorithm\Practice8\Practice8\main.cpp(1,1): warning C4828: 파일에 0xc9 오프셋에서 시작하는 문자가 포함되어 있습니다. 이 문자는 현재 원본 문자 집합에서 잘못된 문자입니다(코드 페이지 65001).
C:\Users\ohseu\Desktop\Study\Algorithm\Practice8\Practice8\main.cpp(1,1): warning C4828: 파일에 0xca 오프셋에서 시작하는 문자가 포함되어 있습니다. 이 문자는 현재 원본 문자 집합에서 잘못된 문자입니다(코드 페이지 65001).
C:\Users\ohseu\Desktop\Study\Algorithm\Practice8\Practice8\main.cpp(1,1): warning C4828: 파일에 0xcc 오프셋에서 시작하는 문자가 포함되어 있습니다. 이 문자는 현재 원본 문자 집합에서 잘못된 문자입니다(코드 페이지 65001).
C:\Users\ohseu\Desktop\Study\Algorithm\Practice8\Practice8\main.cpp(1,1): warning C4828: 파일에 0xcd 오프셋에서 시작하는 문자가 포함되어 있습니다. 이 문자는 현재 원본 문자 집합에서 잘못된 문자입니다(코드 페이지 65001).
C:\Users\ohseu\Desktop\Study\Algorithm\Practice8\Practice8\main.cpp(1,1): warning C4828: 파일에 0xce 오프셋에서 시작하는 문자가 포함되어 있습니다. 이 문자는 현재 원본 문자 집합에서 잘못된 문자입니다(코드 페이지 65001).
C:\Users\ohseu\Desktop\Study\Algorithm\Practice8\Practice8\main.cpp(1,1): warning C4828: 파일에 0xcf 오프셋에서 시작하는 문자가 포함되어 있습니다. 이 문자는 현재 원본 문자 집합에서 잘못된 문자입니다(코드 페이지 65001).
C:\Users\ohseu\Desktop\Study\Algorithm\Practice8\Practice8\main.cpp(1,1): warning C4828: 파일에 0xd3 오프셋에서 시작하는 문자가 포함되어 있습니다. 이 문자는 현재 원본 문자 집합에서 잘못된 문자입니다(코드 페이지 65001).
C:\Users\ohseu\Desktop\Study\Algorithm\Practice8\Practice8\main.cpp(1,1): warning C4828: 파일에 0xd4 오프셋에서 시작하는 문자가 포함되어 있습니다. 이 문자는 현재 원본 문자 집합에서 잘못된 문자입니다(코드 페이지 65001).
C:\Users\ohseu\Desktop\Study\Algorithm\Practice8\Practice8\main.cpp(1,1): warning C4828: 파일에 0x1f9 오프셋에서 시작하는 문자가 포함되어 있습니다. 이 문자는 현재 원본 문자 집합에서 잘못된 문자입니다(코드 페이지 65001).
C:\Users\ohseu\Desktop\Study\Algorithm\Practice8\Practice8\main.cpp(1,1): warning C4828: 파일에 0x1fa 오프셋에서 시작하는 문자가 포함되어 있습니다. 이 문자는 현재 원본 문자 집합에서 잘못된 문자입니다(코드 페이지 65001).
C:\Users\ohseu\Desktop\Study\Algorithm\Practice8\Practice8\main.cpp(1,1): warning C4828: 파일에 0x1fe 오프셋에서 시작하는 문자가 포함되어 있습니다. 이 문자는 현재 원본 문자 집합에서 잘못된 문자입니다(코드 페이지 65001).
C:\Users\ohseu\Desktop\Study\Algorithm\Practice8\Practice8\main.cpp(1,1): warning C4828: 파일에 0x1ff 오프셋에서 시작하는 문자가 포함되어 있습니다. 이 문자는 현재 원본 문자 집합에서 잘못된 문자입니다(코드 페이지 65001).
C:\Users\ohseu\Desktop\Study\Algorithm\Practice8\Practice8\main.cpp(1,1): warning C4828: 파일에 0x203 오프셋에서 시작하는 문자가 포함되어 있습니다. 이 문자는 현재 원본 문자 집합에서 잘못된 문자입니다(코드 페이지 65001).
C:\Users\ohseu\Desktop\Study\Algorithm\Practice8\Practice8\main.cpp(1,1): warning C4828: 파일에 0x205 오프셋에서 시작하는 문자가 포함되어 있습니다. 이 문자는 현재 원본 문자 집합에서 잘못된 문자입니다(코드 페이지 65001).
C:\Users\ohseu\Desktop\Study\Algorithm\Practice8\Practice8\main.cpp(1,1): warning C4828: 파일에 0x206 오프셋에서 시작하는 문자가 포함되어 있습니다. 이 문자는 현재 원본 문자 집합에서 잘못된 문자입니다(코드 페이지 65001).
C:\Users\ohseu\Desktop\Study\Algorithm\Practice8\Practice8\main.cpp(1,1): warning C4828: 파일에 0x20c 오프셋에서 시작하는 문자가 포함되어 있습니다. 이 문자는 현재 원본 문자 집합에서 잘못된 문자입니다(코드 페이지 65001).
C:\Users\ohseu\Desktop\Study\Algorithm\Practice8\Practice8\main.cpp(1,1): warning C4828: 파일에 0x20e 오프셋에서 시작하는 문자가 포함되어 있습니다. 이 문자는 현재 원본 문자 집합에서 잘못된 문자입니다(코드 페이지 65001).
C:\Users\ohseu\Desktop\Study\Algorithm\Practice8\Practice8\main.cpp(1,1): warning C4828: 파일에 0x20f 오프셋에서 시작하는 문자가 포함되어 있습니다. 이 문자는 현재 원본 문자 집합에서 잘못된 문자입니다(코드 페이지 65001).
C:\Users\ohseu\Desktop\Study\Algorithm\Practice8\Practice8\main.cpp(1,1): warning C4828: 파일에 0x210 오프셋에서 시작하는 문자가 포함되어 있습니다. 이 문자는 현재 원본 문자 집합에서 잘못된 문자입니다(코드 페이지 65001).
C:\Users\ohseu\Desktop\Study\Algorithm\Practice8\Practice8\main.cpp(1,1): warning C4828: 파일에 0x211 오프셋에서 시작하는 문자가 포함되어 있습니다. 이 문자는 현재 원본 문자 집합에서 잘못된 문자입니다(코드 페이지 65001).
C:\Users\ohseu\Desktop\Study\Algorithm\Practice8\Practice8\main.cpp(1,1): warning C4828: 파일에 0x264 오프셋에서 시작하는 문자가 포함되어 있습니다. 이 문자는 현재 원본 문자 집합에서 잘못된 문자입니다(코드 페이지 65001).
C:\Users\ohseu\Desktop\Study\Algorithm\Practice8\Practice8\main.cpp(1,1): warning C4828: 파일에 0x267 오프셋에서 시작하는 문자가 포함되어 있습니다. 이 문자는 현재 원본 문자 집합에서 잘못된 문자입니다(코드 페이지 65001).
C:\Users\ohseu\Desktop\Study\Algorithm\Practice8\Practice8\main.cpp(1,1): warning C4828: 파일에 0x26b 오프셋에서 시작하는 문자가 포함되어 있습니다. 이 문자는 현재 원본 문자 집합에서 잘못된 문자입니다(코드 페이지 65001).
C:\Users\ohseu\Desktop\Study\Algorithm\Practice8\Practice8\main.cpp(1,1): warning C4828: 파일에 0x26c 오프셋에서 시작하는 문자가 포함되어 있습니다. 이 문자는 현재 원본 문자 집합에서 잘못된 문자입니다(코드 페이지 65001).
C:\Users\ohseu\Desktop\Study\Algorithm\Practice8\Practice8\main.cpp(1,1): warning C4828: 파일에 0x26e 오프셋에서 시작하는 문자가 포함되어 있습니다. 이 문자는 현재 원본 문자 집합에서 잘못된 문자입니다(코드 페이지 65001).
C:\Users\ohseu\Desktop\Study\Algorithm\Practice8\Practice8\main.cpp(1,1): warning C4828: 파일에 0x270 오프셋에서 시작하는 문자가 포함되어 있습니다. 이 문자는 현재 원본 문자 집합에서 잘못된 문자입니다(코드 페이지 65001).
C:\Users\ohseu\Desktop\Study\Algorithm\Practice8\Practice8\main.cpp(1,1): warning C4828: 파일에 0x271 오프셋에서 시작하는 문자가 포함되어 있습니다. 이 문자는 현재 원본 문자 집합에서 잘못된 문자입니다(코드 페이지 65001).
  useSort1.cpp
C:\Users\ohseu\Desktop\Study\Algorithm\Practice8\Practice8\useSort1.cpp(26,20): warning C4018: '<': signed 또는 unsigned가 일치하지 않습니다.
  코드를 생성하고 있습니다...
  Practice8.vcxproj -> C:\Users\ohseu\Desktop\Study\Algorithm\Practice8\Debug\Practice8.exe
